<?xml version="1.0" encoding="UTF-8"?>
<testng-results ignored="0" total="2" passed="2" failed="0" skipped="0">
  <reporter-output>
  </reporter-output>
  <suite started-at="2023-08-01T23:51:25 IST" name="Surefire suite" finished-at="2023-08-01T23:51:40 IST" duration-ms="14858">
    <groups>
    </groups>
    <test started-at="2023-08-01T23:51:25 IST" name="Surefire test" finished-at="2023-08-01T23:51:40 IST" duration-ms="14858">
      <class name="NewAutomationProject.Automation.FirstTest">
        <test-method signature="TestGoogle()[pri:0, instance:NewAutomationProject.Automation.FirstTest@52102734]" started-at="2023-08-01T23:51:25 IST" name="TestGoogle" finished-at="2023-08-01T23:51:40 IST" duration-ms="14700" status="PASS">
          <reporter-output>
          </reporter-output>
        </test-method> <!-- TestGoogle -->
      </class> <!-- NewAutomationProject.Automation.FirstTest -->
      <class name="NewAutomationProject.Automation.TestClass">
        <test-method signature="diplay()[pri:0, instance:NewAutomationProject.Automation.TestClass@503d687a]" started-at="2023-08-01T23:51:40 IST" name="diplay" finished-at="2023-08-01T23:51:40 IST" duration-ms="1" status="PASS">
          <reporter-output>
          </reporter-output>
        </test-method> <!-- diplay -->
      </class> <!-- NewAutomationProject.Automation.TestClass -->
    </test> <!-- Surefire test -->
  </suite> <!-- Surefire suite -->
</testng-results>
