<?xml version="1.0" encoding="UTF-8"?>
<testng-results ignored="0" total="1" passed="1" failed="0" skipped="0">
  <reporter-output>
  </reporter-output>
  <suite started-at="2023-08-04T00:54:42 IST" name="Default suite" finished-at="2023-08-04T00:54:48 IST" duration-ms="5391">
    <groups>
    </groups>
    <test started-at="2023-08-04T00:54:42 IST" name="Default test" finished-at="2023-08-04T00:54:48 IST" duration-ms="5391">
      <class name="NewAutomationProject.Automation.RediffTest">
        <test-method signature="redifTest()[pri:0, instance:NewAutomationProject.Automation.RediffTest@428640fa]" started-at="2023-08-04T00:54:43 IST" name="redifTest" finished-at="2023-08-04T00:54:48 IST" duration-ms="5315" status="PASS">
          <reporter-output>
          </reporter-output>
        </test-method> <!-- redifTest -->
      </class> <!-- NewAutomationProject.Automation.RediffTest -->
    </test> <!-- Default test -->
  </suite> <!-- Default suite -->
</testng-results>
